<?xml version="1.0" encoding="UTF-8"?>
<!-- Generated by org.testng.reporters.JUnitReportReporter -->
<testsuite hostname="VISHAL" name="eBastaSearchOptions.QuickBuy" tests="3" failures="0" timestamp="19 Dec 2016 08:56:39 GMT" time="15.613" errors="0">
  <testcase name="addTestCaseHeading" time="0.029" classname="eBastaSearchOptions.QuickBuy"/>
  <testcase name="anonymoseUserBuyProcess" time="8.128" classname="eBastaSearchOptions.QuickBuy"/>
  <testcase name="quickSearch" time="7.456" classname="eBastaSearchOptions.QuickBuy"/>
</testsuite> <!-- eBastaSearchOptions.QuickBuy -->
