<?xml version="1.0" encoding="UTF-8"?>
<!-- Generated by org.testng.reporters.JUnitReportReporter -->
<testsuite hostname="VISHAL" name="eBastaTestingClasses.Register_eTailerTest" tests="26" failures="0" timestamp="8 Jun 2016 11:18:13 GMT" time="139.278" errors="0">
  <testcase name="testEmail" time="5.439" classname="eBastaTestingClasses.Register_eTailerTest"/>
  <testcase name="testEtailerName" time="0.009" classname="eBastaTestingClasses.Register_eTailerTest"/>
  <testcase name="testUsername" time="5.330" classname="eBastaTestingClasses.Register_eTailerTest"/>
  <testcase name="createEtailer" time="38.204" classname="eBastaTestingClasses.Register_eTailerTest"/>
  <testcase name="testStateAndCity" time="3.297" classname="eBastaTestingClasses.Register_eTailerTest"/>
  <testcase name="testMobileNumber" time="6.006" classname="eBastaTestingClasses.Register_eTailerTest"/>
  <testcase name="addTestCaseHeading" time="0.004" classname="eBastaTestingClasses.Register_eTailerTest"/>
  <testcase name="testMobileNumber" time="6.001" classname="eBastaTestingClasses.Register_eTailerTest"/>
  <testcase name="testEtailerName" time="0.010" classname="eBastaTestingClasses.Register_eTailerTest"/>
  <testcase name="testMobileNumber" time="6.105" classname="eBastaTestingClasses.Register_eTailerTest"/>
  <testcase name="testEmail" time="5.451" classname="eBastaTestingClasses.Register_eTailerTest"/>
  <testcase name="testEmail" time="5.512" classname="eBastaTestingClasses.Register_eTailerTest"/>
  <testcase name="testEtailerName" time="0.009" classname="eBastaTestingClasses.Register_eTailerTest"/>
  <testcase name="testPostalCode" time="5.364" classname="eBastaTestingClasses.Register_eTailerTest"/>
  <testcase name="testEtailerName" time="0.010" classname="eBastaTestingClasses.Register_eTailerTest"/>
  <testcase name="testNatureOfBusinessDropdown" time="3.844" classname="eBastaTestingClasses.Register_eTailerTest"/>
  <testcase name="testPostalCode" time="5.349" classname="eBastaTestingClasses.Register_eTailerTest"/>
  <testcase name="testUsername" time="5.328" classname="eBastaTestingClasses.Register_eTailerTest"/>
  <testcase name="testUsername" time="5.369" classname="eBastaTestingClasses.Register_eTailerTest"/>
  <testcase name="testEtailerName" time="0.026" classname="eBastaTestingClasses.Register_eTailerTest"/>
  <testcase name="testUsername" time="5.258" classname="eBastaTestingClasses.Register_eTailerTest"/>
  <testcase name="testPostalCode" time="5.339" classname="eBastaTestingClasses.Register_eTailerTest"/>
  <testcase name="testPostalCode" time="5.260" classname="eBastaTestingClasses.Register_eTailerTest"/>
  <testcase name="testMobileNumber" time="5.966" classname="eBastaTestingClasses.Register_eTailerTest"/>
  <testcase name="testEmail" time="5.571" classname="eBastaTestingClasses.Register_eTailerTest"/>
  <testcase name="testUsername" time="5.217" classname="eBastaTestingClasses.Register_eTailerTest"/>
</testsuite> <!-- eBastaTestingClasses.Register_eTailerTest -->
