<?xml version="1.0" encoding="UTF-8"?>
<!-- Generated by org.testng.reporters.JUnitReportReporter -->
<testsuite hostname="VISHAL" name="eBastaRole.PublisherRoleTest" tests="10" failures="0" timestamp="19 Dec 2016 08:56:39 GMT" time="34.605" errors="0">
  <testcase name="checkLinks" time="1.387" classname="eBastaRole.PublisherRoleTest"/>
  <testcase name="checkMy_eContents" time="1.375" classname="eBastaRole.PublisherRoleTest"/>
  <testcase name="checkMy_eContents1" time="2.846" classname="eBastaRole.PublisherRoleTest"/>
  <testcase name="checkLinks" time="1.418" classname="eBastaRole.PublisherRoleTest"/>
  <testcase name="addNew_eContent" time="17.491" classname="eBastaRole.PublisherRoleTest"/>
  <testcase name="logout" time="3.087" classname="eBastaRole.PublisherRoleTest"/>
  <testcase name="checkPreview" time="4.120" classname="eBastaRole.PublisherRoleTest"/>
  <testcase name="checkLinks" time="1.487" classname="eBastaRole.PublisherRoleTest"/>
  <testcase name="checkLinks" time="1.393" classname="eBastaRole.PublisherRoleTest"/>
  <testcase name="addTestCaseHeading" time="0.001" classname="eBastaRole.PublisherRoleTest"/>
</testsuite> <!-- eBastaRole.PublisherRoleTest -->
