<?xml version="1.0" encoding="UTF-8"?>
<!-- Generated by org.testng.reporters.JUnitReportReporter -->
<testsuite hostname="VISHAL" name="eBastaRegistration.RegisterPublisherTest" tests="20" failures="0" timestamp="19 Dec 2016 08:56:39 GMT" time="118.202" errors="0">
  <testcase name="testUsername" time="5.384" classname="eBastaRegistration.RegisterPublisherTest"/>
  <testcase name="testPostalCode" time="5.459" classname="eBastaRegistration.RegisterPublisherTest"/>
  <testcase name="testMobileNumber" time="6.182" classname="eBastaRegistration.RegisterPublisherTest"/>
  <testcase name="testStateAndCity" time="3.292" classname="eBastaRegistration.RegisterPublisherTest"/>
  <testcase name="testMobileNumber" time="6.159" classname="eBastaRegistration.RegisterPublisherTest"/>
  <testcase name="testEmail" time="5.470" classname="eBastaRegistration.RegisterPublisherTest"/>
  <testcase name="testEmail" time="5.640" classname="eBastaRegistration.RegisterPublisherTest"/>
  <testcase name="testUsername" time="5.411" classname="eBastaRegistration.RegisterPublisherTest"/>
  <testcase name="testMobileNumber" time="6.056" classname="eBastaRegistration.RegisterPublisherTest"/>
  <testcase name="testUsername" time="5.515" classname="eBastaRegistration.RegisterPublisherTest"/>
  <testcase name="addTestCaseHeading" time="0.018" classname="eBastaRegistration.RegisterPublisherTest"/>
  <testcase name="testEmail" time="5.411" classname="eBastaRegistration.RegisterPublisherTest"/>
  <testcase name="testMobileNumber" time="6.094" classname="eBastaRegistration.RegisterPublisherTest"/>
  <testcase name="createPublisher" time="19.364" classname="eBastaRegistration.RegisterPublisherTest"/>
  <testcase name="testPostalCode" time="5.410" classname="eBastaRegistration.RegisterPublisherTest"/>
  <testcase name="testUsername" time="5.507" classname="eBastaRegistration.RegisterPublisherTest"/>
  <testcase name="testPostalCode" time="5.516" classname="eBastaRegistration.RegisterPublisherTest"/>
  <testcase name="testPostalCode" time="5.383" classname="eBastaRegistration.RegisterPublisherTest"/>
  <testcase name="testUsername" time="5.487" classname="eBastaRegistration.RegisterPublisherTest"/>
  <testcase name="testEmail" time="5.444" classname="eBastaRegistration.RegisterPublisherTest"/>
</testsuite> <!-- eBastaRegistration.RegisterPublisherTest -->
