<?xml version="1.0" encoding="UTF-8"?>
<!-- Generated by org.testng.reporters.JUnitReportReporter -->
<testsuite hostname="VISHAL" name="eBastaSearchOptions.Search_eContentTest" tests="4" failures="0" timestamp="19 Dec 2016 08:56:39 GMT" time="36.200" errors="0">
  <testcase name="eContentDetailsTable" time="9.264" classname="eBastaSearchOptions.Search_eContentTest"/>
  <testcase name="search_eContent" time="20.412" classname="eBastaSearchOptions.Search_eContentTest"/>
  <testcase name="addTestCaseHeading" time="0.013" classname="eBastaSearchOptions.Search_eContentTest"/>
  <testcase name="eContentDetailsGrid" time="6.511" classname="eBastaSearchOptions.Search_eContentTest"/>
</testsuite> <!-- eBastaSearchOptions.Search_eContentTest -->
