<?xml version="1.0" encoding="UTF-8"?>
<!-- Generated by org.testng.reporters.JUnitReportReporter -->
<testsuite hostname="VISHAL" name="eBastaRegistration.Register_eTailerTest" tests="26" failures="0" timestamp="19 Dec 2016 08:56:39 GMT" time="124.762" errors="0">
  <testcase name="testMobileNumber" time="6.084" classname="eBastaRegistration.Register_eTailerTest"/>
  <testcase name="testUsername" time="5.676" classname="eBastaRegistration.Register_eTailerTest"/>
  <testcase name="testStateAndCity" time="3.361" classname="eBastaRegistration.Register_eTailerTest"/>
  <testcase name="testEmail" time="5.543" classname="eBastaRegistration.Register_eTailerTest"/>
  <testcase name="testEtailerName" time="0.008" classname="eBastaRegistration.Register_eTailerTest"/>
  <testcase name="testUsername" time="5.913" classname="eBastaRegistration.Register_eTailerTest"/>
  <testcase name="testNatureOfBusinessDropdown" time="3.851" classname="eBastaRegistration.Register_eTailerTest"/>
  <testcase name="testMobileNumber" time="6.057" classname="eBastaRegistration.Register_eTailerTest"/>
  <testcase name="testUsername" time="5.513" classname="eBastaRegistration.Register_eTailerTest"/>
  <testcase name="testEtailerName" time="0.009" classname="eBastaRegistration.Register_eTailerTest"/>
  <testcase name="testPostalCode" time="5.506" classname="eBastaRegistration.Register_eTailerTest"/>
  <testcase name="testEtailerName" time="0.011" classname="eBastaRegistration.Register_eTailerTest"/>
  <testcase name="testEmail" time="5.599" classname="eBastaRegistration.Register_eTailerTest"/>
  <testcase name="addTestCaseHeading" time="0.100" classname="eBastaRegistration.Register_eTailerTest"/>
  <testcase name="testEmail" time="5.492" classname="eBastaRegistration.Register_eTailerTest"/>
  <testcase name="testUsername" time="5.652" classname="eBastaRegistration.Register_eTailerTest"/>
  <testcase name="testEtailerName" time="0.011" classname="eBastaRegistration.Register_eTailerTest"/>
  <testcase name="testEmail" time="5.783" classname="eBastaRegistration.Register_eTailerTest"/>
  <testcase name="testPostalCode" time="5.539" classname="eBastaRegistration.Register_eTailerTest"/>
  <testcase name="testEtailerName" time="0.010" classname="eBastaRegistration.Register_eTailerTest"/>
  <testcase name="testUsername" time="5.537" classname="eBastaRegistration.Register_eTailerTest"/>
  <testcase name="createEtailer" time="20.146" classname="eBastaRegistration.Register_eTailerTest"/>
  <testcase name="testMobileNumber" time="6.113" classname="eBastaRegistration.Register_eTailerTest"/>
  <testcase name="testPostalCode" time="5.528" classname="eBastaRegistration.Register_eTailerTest"/>
  <testcase name="testPostalCode" time="5.580" classname="eBastaRegistration.Register_eTailerTest"/>
  <testcase name="testMobileNumber" time="6.140" classname="eBastaRegistration.Register_eTailerTest"/>
</testsuite> <!-- eBastaRegistration.Register_eTailerTest -->
