<?xml version="1.0" encoding="UTF-8"?>
<!-- Generated by org.testng.reporters.JUnitReportReporter -->
<testsuite hostname="VISHAL" name="eBastaRegistration.RegisterSchoolTest" tests="22" failures="0" timestamp="19 Dec 2016 08:56:39 GMT" time="120.761" errors="0">
  <testcase name="testMobileNumber" time="5.992" classname="eBastaRegistration.RegisterSchoolTest"/>
  <testcase name="testEmail" time="5.424" classname="eBastaRegistration.RegisterSchoolTest"/>
  <testcase name="testUsername" time="5.475" classname="eBastaRegistration.RegisterSchoolTest"/>
  <testcase name="testUsername" time="5.327" classname="eBastaRegistration.RegisterSchoolTest"/>
  <testcase name="testMobileNumber" time="6.068" classname="eBastaRegistration.RegisterSchoolTest"/>
  <testcase name="testPostalCode" time="5.336" classname="eBastaRegistration.RegisterSchoolTest"/>
  <testcase name="testUsername" time="5.354" classname="eBastaRegistration.RegisterSchoolTest"/>
  <testcase name="createSchool" time="19.593" classname="eBastaRegistration.RegisterSchoolTest"/>
  <testcase name="testUsername" time="5.285" classname="eBastaRegistration.RegisterSchoolTest"/>
  <testcase name="testPostalCode" time="5.396" classname="eBastaRegistration.RegisterSchoolTest"/>
  <testcase name="testSchoolDropdown" time="3.691" classname="eBastaRegistration.RegisterSchoolTest"/>
  <testcase name="testPostalCode" time="5.407" classname="eBastaRegistration.RegisterSchoolTest"/>
  <testcase name="testEmail" time="5.360" classname="eBastaRegistration.RegisterSchoolTest"/>
  <testcase name="testUsername" time="5.407" classname="eBastaRegistration.RegisterSchoolTest"/>
  <testcase name="testPostalCode" time="5.377" classname="eBastaRegistration.RegisterSchoolTest"/>
  <testcase name="testEmail" time="5.483" classname="eBastaRegistration.RegisterSchoolTest"/>
  <testcase name="testEmail" time="5.406" classname="eBastaRegistration.RegisterSchoolTest"/>
  <testcase name="testStateAndCity" time="3.244" classname="eBastaRegistration.RegisterSchoolTest"/>
  <testcase name="testTeacherName" time="0.013" classname="eBastaRegistration.RegisterSchoolTest"/>
  <testcase name="addTestCaseHeading" time="0.001" classname="eBastaRegistration.RegisterSchoolTest"/>
  <testcase name="testMobileNumber" time="6.040" classname="eBastaRegistration.RegisterSchoolTest"/>
  <testcase name="testMobileNumber" time="6.082" classname="eBastaRegistration.RegisterSchoolTest"/>
</testsuite> <!-- eBastaRegistration.RegisterSchoolTest -->
