<?xml version="1.0" encoding="UTF-8"?>
<!-- Generated by org.testng.reporters.JUnitReportReporter -->
<testsuite hostname="VISHAL" name="eBastaTestingClasses.EtailerTest" tests="1" failures="0" timestamp="31 May 2016 06:37:17 GMT" time="40.473" errors="0">
  <testcase name="createPublisher" time="40.473" classname="eBastaTestingClasses.EtailerTest"/>
</testsuite> <!-- eBastaTestingClasses.EtailerTest -->
