<?xml version="1.0" encoding="UTF-8"?>
<!-- Generated by org.testng.reporters.JUnitReportReporter -->
<testsuite hostname="VISHAL" name="eBastaTestingClasses.LinksTest" tests="8" failures="0" timestamp="19 Dec 2016 08:56:39 GMT" time="45.677" errors="0">
  <testcase name="checkLinks" time="2.667" classname="eBastaTestingClasses.LinksTest"/>
  <testcase name="checkLinks" time="2.594" classname="eBastaTestingClasses.LinksTest"/>
  <testcase name="checkLinks" time="2.621" classname="eBastaTestingClasses.LinksTest"/>
  <testcase name="checkLinks2" time="31.139" classname="eBastaTestingClasses.LinksTest"/>
  <testcase name="addTestCaseHeading" time="0.002" classname="eBastaTestingClasses.LinksTest"/>
  <testcase name="checkLinks" time="2.553" classname="eBastaTestingClasses.LinksTest"/>
  <testcase name="checkLinks" time="1.286" classname="eBastaTestingClasses.LinksTest"/>
  <testcase name="checkLinks" time="2.815" classname="eBastaTestingClasses.LinksTest"/>
</testsuite> <!-- eBastaTestingClasses.LinksTest -->
