<?xml version="1.0" encoding="UTF-8"?>
<!-- Generated by org.testng.reporters.JUnitReportReporter -->
<testsuite hostname="VISHAL" name="eBastaTestingClasses.SearcheContentTest" tests="2" failures="0" timestamp="7 Jun 2016 08:53:02 GMT" time="17.077" errors="0">
  <testcase name="search_eContent" time="16.960" classname="eBastaTestingClasses.SearcheContentTest"/>
  <testcase name="test" time="0.117" classname="eBastaTestingClasses.SearcheContentTest"/>
</testsuite> <!-- eBastaTestingClasses.SearcheContentTest -->
