<?xml version="1.0" encoding="UTF-8"?>
<!-- Generated by org.testng.reporters.JUnitReportReporter -->
<testsuite hostname="VISHAL" name="ManageSyllabus" tests="1" failures="0" timestamp="23 Jun 2016 05:31:00 GMT" time="8.889" errors="0">
  <testcase name="test" time="8.889" classname="ManageSyllabus"/>
</testsuite> <!-- ManageSyllabus -->
