<?xml version="1.0" encoding="UTF-8"?>
<!-- Generated by org.testng.reporters.JUnitReportReporter -->
<testsuite hostname="VISHAL" name="eBastaTestingClasses.RegisterPublisherTest" tests="20" failures="0" timestamp="8 Jun 2016 11:22:15 GMT" time="45.504" errors="0">
  <testcase name="testMobileNumber" time="0.021" classname="eBastaTestingClasses.RegisterPublisherTest"/>
  <testcase name="testEmail" time="0.023" classname="eBastaTestingClasses.RegisterPublisherTest"/>
  <testcase name="testUsername" time="5.640" classname="eBastaTestingClasses.RegisterPublisherTest"/>
  <testcase name="testEmail" time="5.680" classname="eBastaTestingClasses.RegisterPublisherTest"/>
  <testcase name="testMobileNumber" time="0.020" classname="eBastaTestingClasses.RegisterPublisherTest"/>
  <testcase name="testUsername" time="5.662" classname="eBastaTestingClasses.RegisterPublisherTest"/>
  <testcase name="testPostalCode" time="0.028" classname="eBastaTestingClasses.RegisterPublisherTest"/>
  <testcase name="testPostalCode" time="0.034" classname="eBastaTestingClasses.RegisterPublisherTest"/>
  <testcase name="testUsername" time="5.730" classname="eBastaTestingClasses.RegisterPublisherTest"/>
  <testcase name="testMobileNumber" time="0.025" classname="eBastaTestingClasses.RegisterPublisherTest"/>
  <testcase name="testUsername" time="6.725" classname="eBastaTestingClasses.RegisterPublisherTest"/>
  <testcase name="testEmail" time="4.424" classname="eBastaTestingClasses.RegisterPublisherTest"/>
  <testcase name="testUsername" time="5.640" classname="eBastaTestingClasses.RegisterPublisherTest"/>
  <testcase name="testMobileNumber" time="0.018" classname="eBastaTestingClasses.RegisterPublisherTest"/>
  <testcase name="createPublisher" time="0.021" classname="eBastaTestingClasses.RegisterPublisherTest"/>
  <testcase name="testEmail" time="5.581" classname="eBastaTestingClasses.RegisterPublisherTest"/>
  <testcase name="addTestCaseHeading" time="0.119" classname="eBastaTestingClasses.RegisterPublisherTest"/>
  <testcase name="testPostalCode" time="0.033" classname="eBastaTestingClasses.RegisterPublisherTest"/>
  <testcase name="testPostalCode" time="0.032" classname="eBastaTestingClasses.RegisterPublisherTest"/>
  <testcase name="testStateAndCity" time="0.048" classname="eBastaTestingClasses.RegisterPublisherTest"/>
</testsuite> <!-- eBastaTestingClasses.RegisterPublisherTest -->
