<?xml version="1.0" encoding="UTF-8"?>
<!-- Generated by org.testng.reporters.JUnitReportReporter -->
<testsuite hostname="VISHAL" name="eBastaTestingClasses.ForgetPasswordTest" tests="3" failures="0" timestamp="19 Dec 2016 08:56:39 GMT" time="50.461" errors="0">
  <testcase name="addTestCaseHeading" time="0.001" classname="eBastaTestingClasses.ForgetPasswordTest"/>
  <testcase name="testEmail" time="20.821" classname="eBastaTestingClasses.ForgetPasswordTest"/>
  <testcase name="testEmail" time="29.639" classname="eBastaTestingClasses.ForgetPasswordTest"/>
</testsuite> <!-- eBastaTestingClasses.ForgetPasswordTest -->
