<?xml version="1.0" encoding="UTF-8"?>
<!-- Generated by org.testng.reporters.JUnitReportReporter -->
<testsuite hostname="VISHAL" name="eBastaSearchOptions.Search_eBastaTest" tests="9" failures="0" timestamp="19 Dec 2016 08:56:39 GMT" time="58.277" errors="0">
  <testcase name="check_eBastaGridViewDetails" time="8.644" classname="eBastaSearchOptions.Search_eBastaTest"/>
  <testcase name="check_eBastaTableViewDetails" time="4.483" classname="eBastaSearchOptions.Search_eBastaTest"/>
  <testcase name="search_eBastaAdvanced" time="7.761" classname="eBastaSearchOptions.Search_eBastaTest"/>
  <testcase name="search_eBastaAdvanced" time="8.084" classname="eBastaSearchOptions.Search_eBastaTest"/>
  <testcase name="search_eBasta" time="7.250" classname="eBastaSearchOptions.Search_eBastaTest"/>
  <testcase name="addTestCaseHeading" time="0.001" classname="eBastaSearchOptions.Search_eBastaTest"/>
  <testcase name="search_eBastaAdvanced" time="7.841" classname="eBastaSearchOptions.Search_eBastaTest"/>
  <testcase name="search_eBasta" time="7.124" classname="eBastaSearchOptions.Search_eBastaTest"/>
  <testcase name="search_eBasta" time="7.089" classname="eBastaSearchOptions.Search_eBastaTest"/>
</testsuite> <!-- eBastaSearchOptions.Search_eBastaTest -->
