<?xml version="1.0" encoding="UTF-8"?>
<!-- Generated by org.testng.reporters.JUnitReportReporter -->
<testsuite hostname="VISHAL" name="eBastaRole.TeacherRoleTest" tests="17" failures="0" timestamp="19 Dec 2016 08:56:39 GMT" time="62.969" errors="0">
  <testcase name="preview_eBasta" time="4.211" classname="eBastaRole.TeacherRoleTest"/>
  <testcase name="addTestCaseHeading" time="0.001" classname="eBastaRole.TeacherRoleTest"/>
  <testcase name="buy_eBasta" time="12.559" classname="eBastaRole.TeacherRoleTest"/>
  <testcase name="emptyLoginTest" time="3.453" classname="eBastaRole.TeacherRoleTest"/>
  <testcase name="createFolder" time="0.022" classname="eBastaRole.TeacherRoleTest"/>
  <testcase name="cutFolder" time="0.021" classname="eBastaRole.TeacherRoleTest"/>
  <testcase name="check_eBastaName" time="1.555" classname="eBastaRole.TeacherRoleTest"/>
  <testcase name="loginTest" time="16.437" classname="eBastaRole.TeacherRoleTest"/>
  <testcase name="edit_eBasta" time="7.485" classname="eBastaRole.TeacherRoleTest"/>
  <testcase name="downloadXLS" time="5.332" classname="eBastaRole.TeacherRoleTest"/>
  <testcase name="checkSaveButtonMessage" time="3.899" classname="eBastaRole.TeacherRoleTest"/>
  <testcase name="logOut" time="0.013" classname="eBastaRole.TeacherRoleTest"/>
  <testcase name="copyFolder" time="0.024" classname="eBastaRole.TeacherRoleTest"/>
  <testcase name="renameFolder" time="0.022" classname="eBastaRole.TeacherRoleTest"/>
  <testcase name="check_eBastaStatus" time="0.027" classname="eBastaRole.TeacherRoleTest"/>
  <testcase name="test_eBastaStatistics" time="4.501" classname="eBastaRole.TeacherRoleTest"/>
  <testcase name="create_eBasta" time="3.407" classname="eBastaRole.TeacherRoleTest"/>
</testsuite> <!-- eBastaRole.TeacherRoleTest -->
