<?xml version="1.0" encoding="UTF-8"?>
<!-- Generated by org.testng.reporters.JUnitReportReporter -->
<testsuite hostname="VISHAL" name="eBastaTestingClasses.TeacherRoleTest" tests="17" failures="0" timestamp="8 Jun 2016 11:18:13 GMT" time="74.808" errors="0">
  <testcase name="logOut" time="1.858" classname="eBastaTestingClasses.TeacherRoleTest"/>
  <testcase name="checkSaveButtonMessage" time="5.498" classname="eBastaTestingClasses.TeacherRoleTest"/>
  <testcase name="addTestCaseHeading" time="0.135" classname="eBastaTestingClasses.TeacherRoleTest"/>
  <testcase name="preview_eBasta" time="0.002" classname="eBastaTestingClasses.TeacherRoleTest"/>
  <testcase name="renameFolder" time="1.601" classname="eBastaTestingClasses.TeacherRoleTest"/>
  <testcase name="emptyLoginTest" time="3.957" classname="eBastaTestingClasses.TeacherRoleTest"/>
  <testcase name="downloadXLS" time="6.640" classname="eBastaTestingClasses.TeacherRoleTest"/>
  <testcase name="copyFolder" time="4.270" classname="eBastaTestingClasses.TeacherRoleTest"/>
  <testcase name="check_eBastaName" time="1.792" classname="eBastaTestingClasses.TeacherRoleTest"/>
  <testcase name="buy_eBasta" time="0.001" classname="eBastaTestingClasses.TeacherRoleTest"/>
  <testcase name="test_eBastaStatistics" time="1.421" classname="eBastaTestingClasses.TeacherRoleTest"/>
  <testcase name="create_eBasta" time="3.557" classname="eBastaTestingClasses.TeacherRoleTest"/>
  <testcase name="cutFolder" time="3.673" classname="eBastaTestingClasses.TeacherRoleTest"/>
  <testcase name="loginTest" time="13.374" classname="eBastaTestingClasses.TeacherRoleTest"/>
  <testcase name="createFolder" time="18.600" classname="eBastaTestingClasses.TeacherRoleTest"/>
  <testcase name="edit_eBasta" time="8.364" classname="eBastaTestingClasses.TeacherRoleTest"/>
  <testcase name="check_eBastaStatus" time="0.065" classname="eBastaTestingClasses.TeacherRoleTest"/>
</testsuite> <!-- eBastaTestingClasses.TeacherRoleTest -->
