<?xml version="1.0" encoding="UTF-8"?>
<!-- Generated by org.testng.reporters.JUnitReportReporter -->
<testsuite hostname="VISHAL" name="eBastaTestingClasses.PublisherRoleTest" tests="8" failures="0" timestamp="8 Jun 2016 11:18:13 GMT" time="23.745" errors="0">
  <testcase name="checkLinks" time="1.421" classname="eBastaTestingClasses.PublisherRoleTest"/>
  <testcase name="addTestCaseHeading" time="0.002" classname="eBastaTestingClasses.PublisherRoleTest"/>
  <testcase name="addNew_eContent" time="13.431" classname="eBastaTestingClasses.PublisherRoleTest"/>
  <testcase name="checkLinks" time="1.444" classname="eBastaTestingClasses.PublisherRoleTest"/>
  <testcase name="logout" time="3.042" classname="eBastaTestingClasses.PublisherRoleTest"/>
  <testcase name="checkLinks" time="1.424" classname="eBastaTestingClasses.PublisherRoleTest"/>
  <testcase name="checkLinks" time="1.538" classname="eBastaTestingClasses.PublisherRoleTest"/>
  <testcase name="checkMy_eContents" time="1.443" classname="eBastaTestingClasses.PublisherRoleTest"/>
</testsuite> <!-- eBastaTestingClasses.PublisherRoleTest -->
